[2025-03-13T07:49:35.463795+01:00] trailer_scraper.INFO: Saved trailer: Game Changer Official Trailr 2025 Ram Carran, Keyara Advani #trailer #bollywood #movie [] []
[2025-03-13T07:49:35.468280+01:00] trailer_scraper.INFO: Saved trailer: TOXIC : [] []
[2025-03-13T07:49:35.469700+01:00] trailer_scraper.INFO: Saved trailer: Lilo &amp; Stitch official movie trailer react. [] []
[2025-03-13T07:49:35.470861+01:00] trailer_scraper.INFO: Saved trailer: Jackson Horn Official Movie Trailer [] []
[2025-03-13T07:49:35.472582+01:00] trailer_scraper.INFO: Saved trailer: The GodFather Part IV :The Porcelain &quot;Young Sly Trailer&quot; OFFICIAL MOVIE TRAILER [] []
[2025-03-13T07:49:35.472708+01:00] trailer_scraper.INFO: Successfully scraped 5 trailers [] []
[2025-03-18T02:49:08.186504+01:00] trailer_scraper.INFO: Saved trailer: SONIC THE HEDGEHOG 3 OFFICIAL MOVIE TRAILER [] []
[2025-03-18T02:49:08.193780+01:00] trailer_scraper.INFO: Saved trailer: 🌍 Minecraft, but it looks like the official movie trailer! 🎬 #minecraftmods   #cinematic [] []
[2025-03-18T02:49:08.196156+01:00] trailer_scraper.INFO: Saved trailer: jaat  movie trailer on 22 march #movie #trailer #bollywood #shorts #sunnydeol [] []
[2025-03-18T02:49:08.198099+01:00] trailer_scraper.INFO: Saved trailer: &quot;SSMB 29 [] []
[2025-03-18T02:49:08.200540+01:00] trailer_scraper.INFO: Saved trailer: SIKANDAR: [] []
[2025-03-18T02:49:08.200701+01:00] trailer_scraper.INFO: Successfully scraped 5 trailers [] []
[2025-03-18T02:58:20.392702+01:00] trailer_scraper.INFO: Saved trailer: SONIC THE HEDGEHOG 3 OFFICIAL MOVIE TRAILER [] []
[2025-03-18T02:58:20.400462+01:00] trailer_scraper.INFO: Saved trailer: 🌍 Minecraft, but it looks like the official movie trailer! 🎬 #minecraftmods   #cinematic [] []
[2025-03-18T02:58:20.402637+01:00] trailer_scraper.INFO: Saved trailer: The Ugly Stepsister Exclusive Trailer [] []
[2025-03-18T02:58:20.404844+01:00] trailer_scraper.INFO: Saved trailer: jaat  movie trailer on 22 march #movie #trailer #bollywood #shorts #sunnydeol [] []
[2025-03-18T02:58:20.406663+01:00] trailer_scraper.INFO: Saved trailer: &quot;SSMB 29 [] []
[2025-03-18T02:58:20.406756+01:00] trailer_scraper.INFO: Successfully scraped 5 trailers [] []
[2025-03-18T05:48:01.645047+01:00] trailer_scraper.INFO: Saved trailer: TOXIC - [] []
[2025-03-18T05:48:01.650971+01:00] trailer_scraper.INFO: Saved trailer: King : [] []
[2025-03-18T05:48:01.652967+01:00] trailer_scraper.INFO: Saved trailer: Sinful Lies [] []
[2025-03-18T05:48:01.656041+01:00] trailer_scraper.INFO: Saved trailer: SONIC THE HEDGEHOG 3 OFFICIAL MOVIE TRAILER [] []
[2025-03-18T05:48:01.657424+01:00] trailer_scraper.INFO: Saved trailer: 🌍 Minecraft, but it looks like the official movie trailer! 🎬 #minecraftmods   #cinematic [] []
[2025-03-18T05:48:01.657546+01:00] trailer_scraper.INFO: Successfully scraped 5 trailers [] []
